c:\users\neupane-suraj\desktop\projects\c++ projects\sdl2\dungeon-shooter\bin-interm\sdl2\x64-debug\vc143.pdb
c:\users\neupane-suraj\desktop\projects\c++ projects\sdl2\dungeon-shooter\bin-interm\sdl2\x64-debug\vc143.idb
c:\users\neupane-suraj\desktop\projects\c++ projects\sdl2\dungeon-shooter\bin-interm\sdl2\x64-debug\tilemap.obj
c:\users\neupane-suraj\desktop\projects\c++ projects\sdl2\dungeon-shooter\bin-interm\sdl2\x64-debug\macros.obj
c:\users\neupane-suraj\desktop\projects\c++ projects\sdl2\dungeon-shooter\bin-interm\sdl2\x64-debug\statemanager.obj
c:\users\neupane-suraj\desktop\projects\c++ projects\sdl2\dungeon-shooter\bin-interm\sdl2\x64-debug\application.obj
c:\users\neupane-suraj\desktop\projects\c++ projects\sdl2\dungeon-shooter\bin-interm\sdl2\x64-debug\display.obj
c:\users\neupane-suraj\desktop\projects\c++ projects\sdl2\dungeon-shooter\bin-interm\sdl2\x64-debug\game.obj
c:\users\neupane-suraj\desktop\projects\c++ projects\sdl2\dungeon-shooter\bin-interm\sdl2\x64-debug\gamestate.obj
c:\users\neupane-suraj\desktop\projects\c++ projects\sdl2\dungeon-shooter\bin-interm\sdl2\x64-debug\entity.obj
c:\users\neupane-suraj\desktop\projects\c++ projects\sdl2\dungeon-shooter\bin-interm\sdl2\x64-debug\player.obj
c:\users\neupane-suraj\desktop\projects\c++ projects\sdl2\dungeon-shooter\bin-interm\sdl2\x64-debug\collisionchecker.obj
c:\users\neupane-suraj\desktop\projects\c++ projects\sdl2\dungeon-shooter\bin-interm\sdl2\x64-debug\cockroach.obj
c:\users\neupane-suraj\desktop\projects\c++ projects\sdl2\dungeon-shooter\bin-interm\sdl2\x64-debug\laser.obj
c:\users\neupane-suraj\desktop\projects\c++ projects\sdl2\dungeon-shooter\bin-interm\sdl2\x64-debug\client.obj
c:\users\neupane-suraj\desktop\projects\c++ projects\sdl2\dungeon-shooter\bin-interm\sdl2\x64-debug\server.obj
c:\users\neupane-suraj\desktop\projects\c++ projects\sdl2\dungeon-shooter\bin-interm\sdl2\x64-debug\anotherplayer.obj
c:\users\neupane-suraj\desktop\projects\c++ projects\sdl2\dungeon-shooter\bin-interm\sdl2\x64-debug\light.obj
c:\users\neupane-suraj\desktop\projects\c++ projects\sdl2\dungeon-shooter\bin-interm\sdl2\x64-debug\sdl2.ilk
c:\users\neupane-suraj\desktop\projects\c++ projects\sdl2\dungeon-shooter\bin\sdl2\x64-debug\sdl2.exe
c:\users\neupane-suraj\desktop\projects\c++ projects\sdl2\dungeon-shooter\bin\sdl2\x64-debug\sdl2.pdb
c:\users\neupane-suraj\desktop\projects\c++ projects\sdl2\dungeon-shooter\bin-interm\sdl2\x64-debug\sdl2.vcxproj.filelistabsolute.txt
c:\users\neupane-suraj\desktop\projects\c++ projects\sdl2\dungeon-shooter\bin-interm\sdl2\x64-debug\sdl2.tlog\cl.command.1.tlog
c:\users\neupane-suraj\desktop\projects\c++ projects\sdl2\dungeon-shooter\bin-interm\sdl2\x64-debug\sdl2.tlog\cl.items.tlog
c:\users\neupane-suraj\desktop\projects\c++ projects\sdl2\dungeon-shooter\bin-interm\sdl2\x64-debug\sdl2.tlog\cl.read.1.tlog
c:\users\neupane-suraj\desktop\projects\c++ projects\sdl2\dungeon-shooter\bin-interm\sdl2\x64-debug\sdl2.tlog\cl.write.1.tlog
c:\users\neupane-suraj\desktop\projects\c++ projects\sdl2\dungeon-shooter\bin-interm\sdl2\x64-debug\sdl2.tlog\link.command.1.tlog
c:\users\neupane-suraj\desktop\projects\c++ projects\sdl2\dungeon-shooter\bin-interm\sdl2\x64-debug\sdl2.tlog\link.read.1.tlog
c:\users\neupane-suraj\desktop\projects\c++ projects\sdl2\dungeon-shooter\bin-interm\sdl2\x64-debug\sdl2.tlog\link.write.1.tlog
